Removed Pin From Net: NetName=IO_L08_34_CTRL_OUT0 Pin=U6-D4
Change Component Description : Designator=R84 Old Description=1206 SMT PPTC New Description=1206 SMT PPTC | 0.50 Ih | 24V
Change Component Description : Designator=U16 Old Description=Microchip USB3320C-EZK-TR, USB Transceiver, USB 2.0, 1.8 V, 3.3 V, 32-Pin QFN New Description=Microchip USB3320C-EZK-TR, USB Transceiver, USB 2.0, 1.8 V, 3.3 V, 32-Pin QFN | Microchip Technology Inc. USB3320C-EZK-TR
Change Component Description : Designator=TP1 Old Description=Test Point Miniature THM H .300 Nylon 46 Insulated Red PhosBronze/Silver New Description=Test Point Miniature THM H .300 Nylon 46 Insulated Red PhosBronze/Silver | Keystone Electronics 5000
Change Component Description : Designator=TP2 Old Description=Test Point Miniature THM H .300 Nylon 46 Insulated Red PhosBronze/Silver New Description=Test Point Miniature THM H .300 Nylon 46 Insulated Red PhosBronze/Silver | Keystone Electronics 5000
Change Component Description : Designator=TP3 Old Description=Test Point Miniature THM H .300 Nylon 46 Insulated Red PhosBronze/Silver New Description=Test Point Miniature THM H .300 Nylon 46 Insulated Red PhosBronze/Silver | Keystone Electronics 5000
Change Component Description : Designator=TP4 Old Description=Test Point Miniature THM H .300 Nylon 46 Insulated Red PhosBronze/Silver New Description=Test Point Miniature THM H .300 Nylon 46 Insulated Red PhosBronze/Silver | Keystone Electronics 5000
Change Component Description : Designator=TP5 Old Description=Test Point Miniature THM H .300 Nylon 46 Insulated Red PhosBronze/Silver New Description=Test Point Miniature THM H .300 Nylon 46 Insulated Red PhosBronze/Silver | Keystone Electronics 5000
Change Component Description : Designator=TP6 Old Description=Test Point Miniature THM H .300 Nylon 46 Insulated Red PhosBronze/Silver New Description=Test Point Miniature THM H .300 Nylon 46 Insulated Red PhosBronze/Silver | Keystone Electronics 5000
Change Component Description : Designator=TP7 Old Description=Test Point Miniature THM H .300 Nylon 46 Insulated Red PhosBronze/Silver New Description=Test Point Miniature THM H .300 Nylon 46 Insulated Red PhosBronze/Silver | Keystone Electronics 5000
Change Component Description : Designator=TP8 Old Description=Test Point Miniature THM H .300 Nylon 46 Insulated Red PhosBronze/Silver New Description=Test Point Miniature THM H .300 Nylon 46 Insulated Red PhosBronze/Silver | Keystone Electronics 5000
Change Component Description : Designator=TP9 Old Description=Test Point Miniature THM H .300 Nylon 46 Insulated Red PhosBronze/Silver New Description=Test Point Miniature THM H .300 Nylon 46 Insulated Red PhosBronze/Silver | Keystone Electronics 5000
Change Component Description : Designator=TP10 Old Description=Test Point Miniature THM H .300 Nylon 46 Insulated Red PhosBronze/Silver New Description=Test Point Miniature THM H .300 Nylon 46 Insulated Red PhosBronze/Silver | Keystone Electronics 5000
Change Component Description : Designator=TP11 Old Description=Test Point Miniature THM H .300 Nylon 46 Insulated Red PhosBronze/Silver New Description=Test Point Miniature THM H .300 Nylon 46 Insulated Red PhosBronze/Silver | Keystone Electronics 5000
Change Component Description : Designator=TP12 Old Description=Test Point Miniature THM H .300 Nylon 46 Insulated Red PhosBronze/Silver New Description=Test Point Miniature THM H .300 Nylon 46 Insulated Red PhosBronze/Silver | Keystone Electronics 5000
Change Component Description : Designator=TP13 Old Description=Test Point Miniature THM H .300 Nylon 46 Insulated Red PhosBronze/Silver New Description=Test Point Miniature THM H .300 Nylon 46 Insulated Red PhosBronze/Silver | Keystone Electronics 5000
Change Component Description : Designator=TP14 Old Description=Test Point Miniature THM H .300 Nylon 46 Insulated Red PhosBronze/Silver New Description=Test Point Miniature THM H .300 Nylon 46 Insulated Red PhosBronze/Silver | Keystone Electronics 5000
Change Component Description : Designator=TP15 Old Description=Test Point Miniature THM H .300 Nylon 46 Insulated Red PhosBronze/Silver New Description=Test Point Miniature THM H .300 Nylon 46 Insulated Red PhosBronze/Silver | Keystone Electronics 5000
Change Component Description : Designator=TP16 Old Description=Test Point Miniature THM H .300 Nylon 46 Insulated Red PhosBronze/Silver New Description=Test Point Miniature THM H .300 Nylon 46 Insulated Red PhosBronze/Silver | Keystone Electronics 5000
Change Component Description : Designator=TP17 Old Description=Test Point Miniature THM H .300 Nylon 46 Insulated Red PhosBronze/Silver New Description=Test Point Miniature THM H .300 Nylon 46 Insulated Red PhosBronze/Silver | Keystone Electronics 5000
Change Component Description : Designator=TP18 Old Description=Test Point Miniature THM H .300 Nylon 46 Insulated Red PhosBronze/Silver New Description=Test Point Miniature THM H .300 Nylon 46 Insulated Red PhosBronze/Silver | Keystone Electronics 5000
Change Component Description : Designator=TP19 Old Description=Test Point Miniature THM H .300 Nylon 46 Insulated Red PhosBronze/Silver New Description=Test Point Miniature THM H .300 Nylon 46 Insulated Red PhosBronze/Silver | Keystone Electronics 5000
Change Component Description : Designator=TP20 Old Description=Test Point Miniature THM H .300 Nylon 46 Insulated Red PhosBronze/Silver New Description=Test Point Miniature THM H .300 Nylon 46 Insulated Red PhosBronze/Silver | Keystone Electronics 5000
Change Component Description : Designator=TP21 Old Description=Test Point Miniature THM H .300 Nylon 46 Insulated Red PhosBronze/Silver New Description=Test Point Miniature THM H .300 Nylon 46 Insulated Red PhosBronze/Silver | Keystone Electronics 5000
Change Component Description : Designator=TP22 Old Description=Test Point Miniature THM H .300 Nylon 46 Insulated Red PhosBronze/Silver New Description=Test Point Miniature THM H .300 Nylon 46 Insulated Red PhosBronze/Silver | Keystone Electronics 5000
Change Component Description : Designator=TP23 Old Description=Test Point Miniature THM H .300 Nylon 46 Insulated Red PhosBronze/Silver New Description=Test Point Miniature THM H .300 Nylon 46 Insulated Red PhosBronze/Silver | Keystone Electronics 5000
Change Component Description : Designator=TP24 Old Description=Test Point Miniature THM H .300 Nylon 46 Insulated Red PhosBronze/Silver New Description=Test Point Miniature THM H .300 Nylon 46 Insulated Red PhosBronze/Silver | Keystone Electronics 5000
Added Pin To Net: NetName=AD9363_GPO_0 Pin=TP17-TP
Added Pin To Net: NetName=IO_L08_34_CTRL_OUT0 Pin=U1-L15
Added Pin To Net: NetName=AD9363_AUXADC Pin=C59-1
Added Pin To Net: NetName=AD9363_AUXADC Pin=TP24-TP
Added Pin To Net: NetName=AD9363_AUXADC Pin=U6-L5
Added Net: Name=AD9363_AUXADC
