Change Component Designator: OldDesignator=R19 NewDesignator=R20
Change Component Designator: OldDesignator=R20 NewDesignator=R21
Change Component Designator: OldDesignator=R21 NewDesignator=R22
Change Component Designator: OldDesignator=R22 NewDesignator=R23
Change Component Designator: OldDesignator=R23 NewDesignator=R24
Change Component Designator: OldDesignator=R24 NewDesignator=R25
Change Component Designator: OldDesignator=R25 NewDesignator=R26
Change Component Designator: OldDesignator=R26 NewDesignator=R27
Change Component Designator: OldDesignator=R27 NewDesignator=R28
Change Component Designator: OldDesignator=R28 NewDesignator=R29
Change Component Designator: OldDesignator=R29 NewDesignator=R30
Change Component Designator: OldDesignator=R30 NewDesignator=R31
Change Component Designator: OldDesignator=R31 NewDesignator=R32
Change Component Designator: OldDesignator=R32 NewDesignator=R33
Change Component Designator: OldDesignator=R33 NewDesignator=R34
Change Component Designator: OldDesignator=R34 NewDesignator=R35
Change Component Designator: OldDesignator=R35 NewDesignator=R36
Change Component Designator: OldDesignator=R36 NewDesignator=R37
Change Component Designator: OldDesignator=R37 NewDesignator=R38
Change Component Designator: OldDesignator=R38 NewDesignator=R39
Change Component Designator: OldDesignator=R39 NewDesignator=R40
Change Component Designator: OldDesignator=R40 NewDesignator=R41
Change Component Designator: OldDesignator=R41 NewDesignator=R42
Change Component Designator: OldDesignator=R42 NewDesignator=R43
Change Component Designator: OldDesignator=R43 NewDesignator=R44
Change Component Designator: OldDesignator=R44 NewDesignator=R45
Change Component Designator: OldDesignator=R45 NewDesignator=R46
Change Component Designator: OldDesignator=R46 NewDesignator=R47
Change Component Designator: OldDesignator=R47 NewDesignator=R48
Change Component Designator: OldDesignator=R48 NewDesignator=R49
Change Component Designator: OldDesignator=R49 NewDesignator=R50
Change Component Designator: OldDesignator=R50 NewDesignator=R51
Change Component Designator: OldDesignator=R51 NewDesignator=R52
Change Component Designator: OldDesignator=R52 NewDesignator=R53
Change Component Designator: OldDesignator=R53 NewDesignator=R54
Change Component Designator: OldDesignator=R54 NewDesignator=R55
Change Component Designator: OldDesignator=R55 NewDesignator=R56
Change Component Designator: OldDesignator=R56 NewDesignator=R57
Change Component Designator: OldDesignator=R57 NewDesignator=R58
Change Component Designator: OldDesignator=R58 NewDesignator=R59
Change Component Designator: OldDesignator=R59 NewDesignator=R60
Change Component Designator: OldDesignator=R60 NewDesignator=R61
Change Component Designator: OldDesignator=R61 NewDesignator=R62
Change Component Designator: OldDesignator=R62 NewDesignator=R63
Change Component Designator: OldDesignator=R63 NewDesignator=R64
Change Component Designator: OldDesignator=R64 NewDesignator=R65
Change Component Designator: OldDesignator=R65 NewDesignator=R66
Change Component Designator: OldDesignator=R66 NewDesignator=R67
Change Component Designator: OldDesignator=R67 NewDesignator=R68
Change Component Designator: OldDesignator=R68 NewDesignator=R69
Change Component Designator: OldDesignator=R69 NewDesignator=R70
Change Component Designator: OldDesignator=R70 NewDesignator=R71
Change Component Designator: OldDesignator=R71 NewDesignator=R72
Change Component Designator: OldDesignator=R72 NewDesignator=R73
Change Component Designator: OldDesignator=R73 NewDesignator=R74
Change Component Designator: OldDesignator=R74 NewDesignator=R75
Change Component Designator: OldDesignator=R75 NewDesignator=R76
Change Component Designator: OldDesignator=R76 NewDesignator=R77
Change Component Designator: OldDesignator=R77 NewDesignator=R78
Change Component Designator: OldDesignator=R78 NewDesignator=R79
Change Component Designator: OldDesignator=R79 NewDesignator=R80
Change Component Designator: OldDesignator=R80 NewDesignator=R81
Change Component Designator: OldDesignator=R81 NewDesignator=R82
Change Component Designator: OldDesignator=R82 NewDesignator=R83
Change Component Designator: OldDesignator=R83 NewDesignator=R84
Change Component Designator: OldDesignator=R84 NewDesignator=R85
Change Component Designator: OldDesignator=R85 NewDesignator=R86
Change Component Designator: OldDesignator=R86 NewDesignator=R87
Change Component Designator: OldDesignator=R87 NewDesignator=R88
Change Component Designator: OldDesignator=R88 NewDesignator=R89
Change Component Designator: OldDesignator=R89 NewDesignator=R90
Change Component Designator: OldDesignator=R90 NewDesignator=R91
Change Component Designator: OldDesignator=R91 NewDesignator=R92
Change Component Designator: OldDesignator=R92 NewDesignator=R93
Change Component Description : Designator=R84 Old Description=1206 SMT PPTC New Description=1206 SMT PPTC | 0.50 Ih | 24V
Change Component Description : Designator=U16 Old Description=Microchip USB3320C-EZK-TR, USB Transceiver, USB 2.0, 1.8 V, 3.3 V, 32-Pin QFN New Description=Microchip USB3320C-EZK-TR, USB Transceiver, USB 2.0, 1.8 V, 3.3 V, 32-Pin QFN | Microchip Technology Inc. USB3320C-EZK-TR
Change Component Description : Designator=TP1 Old Description=Test Point Miniature THM H .300 Nylon 46 Insulated Red PhosBronze/Silver New Description=Test Point Miniature THM H .300 Nylon 46 Insulated Red PhosBronze/Silver | Keystone Electronics 5000
Change Component Description : Designator=TP2 Old Description=Test Point Miniature THM H .300 Nylon 46 Insulated Red PhosBronze/Silver New Description=Test Point Miniature THM H .300 Nylon 46 Insulated Red PhosBronze/Silver | Keystone Electronics 5000
Change Component Description : Designator=TP3 Old Description=Test Point Miniature THM H .300 Nylon 46 Insulated Red PhosBronze/Silver New Description=Test Point Miniature THM H .300 Nylon 46 Insulated Red PhosBronze/Silver | Keystone Electronics 5000
Change Component Description : Designator=TP4 Old Description=Test Point Miniature THM H .300 Nylon 46 Insulated Red PhosBronze/Silver New Description=Test Point Miniature THM H .300 Nylon 46 Insulated Red PhosBronze/Silver | Keystone Electronics 5000
Change Component Description : Designator=TP5 Old Description=Test Point Miniature THM H .300 Nylon 46 Insulated Red PhosBronze/Silver New Description=Test Point Miniature THM H .300 Nylon 46 Insulated Red PhosBronze/Silver | Keystone Electronics 5000
Change Component Description : Designator=TP6 Old Description=Test Point Miniature THM H .300 Nylon 46 Insulated Red PhosBronze/Silver New Description=Test Point Miniature THM H .300 Nylon 46 Insulated Red PhosBronze/Silver | Keystone Electronics 5000
Change Component Description : Designator=TP7 Old Description=Test Point Miniature THM H .300 Nylon 46 Insulated Red PhosBronze/Silver New Description=Test Point Miniature THM H .300 Nylon 46 Insulated Red PhosBronze/Silver | Keystone Electronics 5000
Change Component Description : Designator=TP8 Old Description=Test Point Miniature THM H .300 Nylon 46 Insulated Red PhosBronze/Silver New Description=Test Point Miniature THM H .300 Nylon 46 Insulated Red PhosBronze/Silver | Keystone Electronics 5000
Change Component Description : Designator=TP9 Old Description=Test Point Miniature THM H .300 Nylon 46 Insulated Red PhosBronze/Silver New Description=Test Point Miniature THM H .300 Nylon 46 Insulated Red PhosBronze/Silver | Keystone Electronics 5000
Change Component Description : Designator=TP10 Old Description=Test Point Miniature THM H .300 Nylon 46 Insulated Red PhosBronze/Silver New Description=Test Point Miniature THM H .300 Nylon 46 Insulated Red PhosBronze/Silver | Keystone Electronics 5000
Change Component Description : Designator=TP11 Old Description=Test Point Miniature THM H .300 Nylon 46 Insulated Red PhosBronze/Silver New Description=Test Point Miniature THM H .300 Nylon 46 Insulated Red PhosBronze/Silver | Keystone Electronics 5000
Change Component Description : Designator=TP12 Old Description=Test Point Miniature THM H .300 Nylon 46 Insulated Red PhosBronze/Silver New Description=Test Point Miniature THM H .300 Nylon 46 Insulated Red PhosBronze/Silver | Keystone Electronics 5000
Change Component Description : Designator=TP13 Old Description=Test Point Miniature THM H .300 Nylon 46 Insulated Red PhosBronze/Silver New Description=Test Point Miniature THM H .300 Nylon 46 Insulated Red PhosBronze/Silver | Keystone Electronics 5000
Change Component Description : Designator=TP14 Old Description=Test Point Miniature THM H .300 Nylon 46 Insulated Red PhosBronze/Silver New Description=Test Point Miniature THM H .300 Nylon 46 Insulated Red PhosBronze/Silver | Keystone Electronics 5000
Change Component Description : Designator=TP15 Old Description=Test Point Miniature THM H .300 Nylon 46 Insulated Red PhosBronze/Silver New Description=Test Point Miniature THM H .300 Nylon 46 Insulated Red PhosBronze/Silver | Keystone Electronics 5000
Added Component: Designator=R19(0603)
Add component (AddParameter): Name = "Class I"; Value = "Passive"; VariantName = "[No Variations]"
Add component (AddParameter): Name = "Class II"; Value = "Resistor"; VariantName = "[No Variations]"
Add component (AddParameter): Name = "Manufacturer"; Value = "Generic Components"; VariantName = "[No Variations]"
Add component (AddParameter): Name = "Published"; Value = "8-Jun-2000"; VariantName = "[No Variations]"
Add component (AddParameter): Name = "Publisher"; Value = "Altium Limited"; VariantName = "[No Variations]"
Add component (AddParameter): Name = "REF FARNELL 0603 SMD"; Value = "612-595"; VariantName = "[No Variations]"
Add component (AddParameter): Name = "REF FARNELL 1206 SMD 1K"; Value = "912475"; VariantName = "[No Variations]"
Add component (AddParameter): Name = "REF FARNELL 1206 SMD 10K"; Value = "912591"; VariantName = "[No Variations]"
Add component (AddParameter): Name = "REF FARNELL 1206 SMD 510R"; Value = "4387065"; VariantName = "[No Variations]"
Add component (AddParameter): Name = "Revision"; Value = "July-2002: Re-released for DXP Platform."; VariantName = "[No Variations]"
Add component (AddParameter): Name = "Value"; Value = "20K, 5%"; VariantName = "[No Variations]"
Added Component: Designator=S1(SW_PTS840GMSMTRLFS)
Add component (AddParameter): Name = "Availability"; Value = "Unavailable"; VariantName = "[No Variations]"
Add component (AddParameter): Name = "MF"; Value = "C&K"; VariantName = "[No Variations]"
Add component (AddParameter): Name = "MP"; Value = "PTS840 GM SMTR LFS"; VariantName = "[No Variations]"
Add component (AddParameter): Name = "Package"; Value = "None"; VariantName = "[No Variations]"
Add component (AddParameter): Name = "Price"; Value = "None"; VariantName = "[No Variations]"
Add component (AddParameter): Name = "SnapEDA_Link"; Value = "https://www.snapeda.com/parts/PTS840%20GM%20SMTR%20LFS/C&K/view-part/628485/?ref=snap"; VariantName = "[No Variations]"
Add component (AddParameter): Name = "Value"; Value = ""; VariantName = "[No Variations]"
Added Pin To Net: NetName=VDD_1.8V Pin=R19-1
Added Pin To Net: NetName=USR_BTN Pin=R19-2
Added Pin To Net: NetName=USR_BTN Pin=S1-1
Added Pin To Net: NetName=USR_BTN Pin=S1-2
Added Pin To Net: NetName=GND Pin=S1-3
Added Pin To Net: NetName=GND Pin=S1-4
Change Net Name : Old Net Name=NetR19_1 New Net Name=NetR20_1
Change Net Name : Old Net Name=NetR53_2 New Net Name=NetR54_2
Change Net Name : Old Net Name=NetR54_2 New Net Name=NetR55_2
Change Net Name : Old Net Name=NetR55_2 New Net Name=NetR56_2
Change Net Name : Old Net Name=NetR56_2 New Net Name=NetR57_2
Change Net Name : Old Net Name=NetR60_1 New Net Name=NetR61_1
Change Net Name : Old Net Name=NetR65_1 New Net Name=NetR66_1
Change Net Name : Old Net Name=NetR66_1 New Net Name=NetR67_1
Change Net Name : Old Net Name=NetR68_1 New Net Name=NetR69_1
Change Net Name : Old Net Name=NetR71_1 New Net Name=NetR72_1
Change Net Name : Old Net Name=NetR73_1 New Net Name=NetR74_1
Change Net Name : Old Net Name=NetR74_1 New Net Name=NetR75_1
Change Net Name : Old Net Name=NetR77_1 New Net Name=NetR78_1
Change Net Name : Old Net Name=NetR79_2 New Net Name=NetR80_2
Change Net Name : Old Net Name=NetR80_1 New Net Name=NetR81_1
Change Net Name : Old Net Name=NetR82_1 New Net Name=NetR83_1
Added Member To Class: ClassName=POWER Member=Component C64 Pol3
Added Member To Class: ClassName=POWER Member=Component C70 Pol3
Added Member To Class: ClassName=POWER Member=Component C72 Cap Pol3
Added Member To Class: ClassName=POWER Member=Component C74 Cap Pol3
Added Member To Class: ClassName=POWER Member=Component C75 Cap Pol3
Added Member To Class: ClassName=POWER Member=Component C76 Cap Pol3
Added Member To Class: ClassName=POWER Member=Component C77 Cap Pol3
Added Member To Class: ClassName=POWER Member=Component C78 Cap Pol3
Added Member To Class: ClassName=POWER Member=Component C83 Cap Pol3
Added Member To Class: ClassName=POWER Member=Component C84 Cap Pol3
Added Member To Class: ClassName=POWER Member=Component C85 Cap Pol3
Added Member To Class: ClassName=POWER Member=Component C86 Pol3
Added Member To Class: ClassName=POWER Member=Component C95 Cap Pol3
Added Member To Class: ClassName=POWER Member=Component C97 Cap Pol3
Added Member To Class: ClassName=POWER Member=Component C99 Cap Pol3
Added Member To Class: ClassName=POWER Member=Component C101 Pol3
Added Member To Class: ClassName=POWER Member=Component C103 Pol3
Added Member To Class: ClassName=POWER Member=Component C107 Cap Pol3
Added Member To Class: ClassName=POWER Member=Component C109 Cap Pol3
Added Member To Class: ClassName=POWER Member=Component C111
Added Member To Class: ClassName=POWER Member=Component C113 Pol3
Added Member To Class: ClassName=POWER Member=Component C114 Pol3
Added Member To Class: ClassName=POWER Member=Component C115 Pol3
Added Member To Class: ClassName=POWER Member=Component C116 Pol3
Added Member To Class: ClassName=POWER Member=Component C117 Cap Pol3
Added Member To Class: ClassName=POWER Member=Component C119 Cap Pol3
Added Member To Class: ClassName=POWER Member=Component C121 Pol3
Added Member To Class: ClassName=POWER Member=Component C123 Pol3
Added Member To Class: ClassName=POWER Member=Component C124 Pol3
Added Member To Class: ClassName=POWER Member=Component C125 Pol3
Added Member To Class: ClassName=POWER Member=Component C126 Cap Pol3
Added Member To Class: ClassName=POWER Member=Component C128 Cap Pol3
Added Member To Class: ClassName=POWER Member=Component C130
Added Member To Class: ClassName=USB Member=Component FB15 FERRITA
Added Member To Class: ClassName=USB Member=Component FB17 FERRITA
Added Member To Class: ClassName=POWER Member=Component L5 SRP7020TA-8R2M
Added Member To Class: ClassName=ZYNQ Member=Component R20 Res1
Added Member To Class: ClassName=POWER Member=Component R61 Res1
Added Member To Class: ClassName=POWER Member=Component R62 Res1
Added Member To Class: ClassName=POWER Member=Component R64 Res1
Added Member To Class: ClassName=POWER Member=Component R65 Res1
Added Member To Class: ClassName=POWER Member=Component R67 Res1
Added Member To Class: ClassName=POWER Member=Component R68 Res1
Added Member To Class: ClassName=POWER Member=Component R69 Res1
Added Member To Class: ClassName=POWER Member=Component R71 Res1
Added Member To Class: ClassName=POWER Member=Component R72 Res1
Added Member To Class: ClassName=POWER Member=Component R74 Res1
Added Member To Class: ClassName=POWER Member=Component R75 Res1
Added Member To Class: ClassName=POWER Member=Component R77 Res1
Added Member To Class: ClassName=ZYNQ Member=Component S1 PTS840_GM_SMTR_LFS
Added Member To Class: ClassName=ZYNQ Member=Component TP8 5000
Added Member To Class: ClassName=POWER Member=Component U11 LTC4415EDHCPBF
Added Member To Class: ClassName=POWER Member=Component U13 MPM54304GMN-0000
Added Member To Class: ClassName=POWER Member=Component U15 TPS51206DSQR
